<?xml version="1.0" encoding="UTF-8"?>
<!-- Generated by org.testng.reporters.JUnitXMLReporter -->
<testsuite hostname="ReazPC" ignored="0" name="Validating NavigationBar" tests="2" failures="0" timestamp="05 Apr 2020 01:14:38 GMT" time="18.246" errors="0">
  <testcase name="basePageNavigationBar" time="0.084" classname="com.codenbox.MavenProject.NavigationBarTest"/>
  <testcase name="dropDownSelect" time="4.151" classname="com.codenbox.MavenProject.NavigationBarTest"/>
</testsuite> <!-- Validating NavigationBar -->
