<?xml version="1.0" encoding="UTF-8"?>
<!-- Generated by org.testng.reporters.JUnitXMLReporter -->
<testsuite hostname="Kadirxps" ignored="0" name="Command line test" tests="4" failures="0" timestamp="16 Apr 2023 20:49:11 GMT" time="49.739" errors="0">
  <testcase name="basePageNavigation" time="9.472" classname="com.codenbox.MavenProject.LoginPageTest"/>
  <testcase name="basePageNavigationBar" time="0.058" classname="com.codenbox.MavenProject.NavigationBarTest"/>
  <testcase name="dropDownSelect" time="4.162" classname="com.codenbox.MavenProject.NavigationBarTest"/>
  <testcase name="basePageTitle" time="15.619" classname="com.codenbox.MavenProject.ValidTitleTest"/>
</testsuite> <!-- Command line test -->
