<?xml version="1.0" encoding="UTF-8"?>
<!-- Generated by org.testng.reporters.JUnitXMLReporter -->
<testsuite hostname="ReazPC" ignored="0" name="Validating NavigationBar" tests="2" failures="0" timestamp="04 Apr 2020 17:57:48 GMT" time="19.545" errors="0">
  <testcase name="basePageNavigationBar" time="0.134" classname="com.codenbox.MavenProject.NavigationBarTest"/>
  <testcase name="dropDownSelect" time="4.486" classname="com.codenbox.MavenProject.NavigationBarTest"/>
</testsuite> <!-- Validating NavigationBar -->
