<?xml version="1.0" encoding="UTF-8"?>
<!-- Generated by org.testng.reporters.JUnitXMLReporter -->
<testsuite hostname="ReazPC" ignored="0" name="Validating NavigationBar" tests="2" failures="0" timestamp="05 Apr 2020 01:31:55 GMT" time="17.792" errors="0">
  <testcase name="basePageNavigationBar" time="0.088" classname="com.codenbox.MavenProject.NavigationBarTest"/>
  <testcase name="dropDownSelect" time="4.17" classname="com.codenbox.MavenProject.NavigationBarTest"/>
</testsuite> <!-- Validating NavigationBar -->
