<?xml version="1.0" encoding="UTF-8"?>
<testng-results skipped="0" failed="0" ignored="0" total="4" passed="4">
  <reporter-output>
  </reporter-output>
  <suite name="Suite" duration-ms="73596" started-at="2020-04-04T17:56:58Z" finished-at="2020-04-04T17:58:11Z">
    <groups>
    </groups>
    <test name="Test" duration-ms="31025" started-at="2020-04-04T17:56:58Z" finished-at="2020-04-04T17:57:29Z">
      <class name="com.codenbox.MavenProject.ValidTitleTest">
        <test-method status="PASS" signature="basePageTitle()[pri:0, instance:com.codenbox.MavenProject.ValidTitleTest@429bd883]" name="basePageTitle" duration-ms="30602" started-at="2020-04-04T17:56:58Z" finished-at="2020-04-04T17:57:28Z">
          <reporter-output>
          </reporter-output>
        </test-method> <!-- basePageTitle -->
        <test-method status="PASS" signature="tearDown()[pri:0, instance:com.codenbox.MavenProject.ValidTitleTest@429bd883]" name="tearDown" is-config="true" duration-ms="371" started-at="2020-04-04T17:57:28Z" finished-at="2020-04-04T17:57:29Z">
          <reporter-output>
          </reporter-output>
        </test-method> <!-- tearDown -->
      </class> <!-- com.codenbox.MavenProject.ValidTitleTest -->
    </test> <!-- Test -->
    <test name="Validating NavigationBar" duration-ms="19545" started-at="2020-04-04T17:57:29Z" finished-at="2020-04-04T17:57:48Z">
      <class name="com.codenbox.MavenProject.NavigationBarTest">
        <test-method status="PASS" signature="initialize()[pri:0, instance:com.codenbox.MavenProject.NavigationBarTest@448ff1a8]" name="initialize" is-config="true" duration-ms="14418" started-at="2020-04-04T17:57:29Z" finished-at="2020-04-04T17:57:43Z">
          <reporter-output>
          </reporter-output>
        </test-method> <!-- initialize -->
        <test-method status="PASS" signature="basePageNavigationBar()[pri:0, instance:com.codenbox.MavenProject.NavigationBarTest@448ff1a8]" name="basePageNavigationBar" duration-ms="134" started-at="2020-04-04T17:57:43Z" finished-at="2020-04-04T17:57:43Z">
          <reporter-output>
          </reporter-output>
        </test-method> <!-- basePageNavigationBar -->
        <test-method status="PASS" signature="dropDownSelect()[pri:0, instance:com.codenbox.MavenProject.NavigationBarTest@448ff1a8]" name="dropDownSelect" duration-ms="4486" started-at="2020-04-04T17:57:43Z" finished-at="2020-04-04T17:57:48Z">
          <reporter-output>
          </reporter-output>
        </test-method> <!-- dropDownSelect -->
        <test-method status="PASS" signature="tearDown()[pri:0, instance:com.codenbox.MavenProject.NavigationBarTest@448ff1a8]" name="tearDown" is-config="true" duration-ms="504" started-at="2020-04-04T17:57:48Z" finished-at="2020-04-04T17:57:48Z">
          <reporter-output>
          </reporter-output>
        </test-method> <!-- tearDown -->
      </class> <!-- com.codenbox.MavenProject.NavigationBarTest -->
    </test> <!-- Validating NavigationBar -->
    <test name="Validating login" duration-ms="22966" started-at="2020-04-04T17:57:48Z" finished-at="2020-04-04T17:58:11Z">
      <class name="com.codenbox.MavenProject.LoginPageTest">
        <test-method status="PASS" signature="initialize()[pri:0, instance:com.codenbox.MavenProject.LoginPageTest@8b96fde]" name="initialize" is-config="true" duration-ms="13301" started-at="2020-04-04T17:57:48Z" finished-at="2020-04-04T17:58:01Z">
          <reporter-output>
          </reporter-output>
        </test-method> <!-- initialize -->
        <test-method status="PASS" signature="basePageNavigation(java.lang.String, java.lang.String)[pri:0, instance:com.codenbox.MavenProject.LoginPageTest@8b96fde]" name="basePageNavigation" duration-ms="9294" started-at="2020-04-04T17:58:02Z" data-provider="getData" finished-at="2020-04-04T17:58:11Z">
          <params>
            <param index="0">
              <value>
                <![CDATA[test@test.com]]>
              </value>
            </param>
            <param index="1">
              <value>
                <![CDATA[123456]]>
              </value>
            </param>
          </params>
          <reporter-output>
          </reporter-output>
        </test-method> <!-- basePageNavigation -->
        <test-method status="PASS" signature="tearDown()[pri:0, instance:com.codenbox.MavenProject.LoginPageTest@8b96fde]" name="tearDown" is-config="true" duration-ms="364" started-at="2020-04-04T17:58:11Z" finished-at="2020-04-04T17:58:11Z">
          <reporter-output>
          </reporter-output>
        </test-method> <!-- tearDown -->
      </class> <!-- com.codenbox.MavenProject.LoginPageTest -->
    </test> <!-- Validating login -->
  </suite> <!-- Suite -->
</testng-results>
