<?xml version="1.0" encoding="UTF-8"?>
<testng-results skipped="0" failed="0" ignored="0" total="4" passed="4">
  <reporter-output>
  </reporter-output>
  <suite name="Command line suite" duration-ms="49739" started-at="2023-04-16T20:48:21Z" finished-at="2023-04-16T20:49:11Z">
    <groups>
    </groups>
    <test name="Command line test" duration-ms="49739" started-at="2023-04-16T20:48:21Z" finished-at="2023-04-16T20:49:11Z">
      <class name="com.codenbox.MavenProject.NavigationBarTest">
        <test-method status="PASS" signature="basePageNavigationBar()[pri:0, instance:com.codenbox.MavenProject.NavigationBarTest@735b478]" name="basePageNavigationBar" duration-ms="58" started-at="2023-04-16T20:48:51Z" finished-at="2023-04-16T20:48:51Z">
          <reporter-output>
          </reporter-output>
        </test-method> <!-- basePageNavigationBar -->
        <test-method status="PASS" signature="dropDownSelect()[pri:0, instance:com.codenbox.MavenProject.NavigationBarTest@735b478]" name="dropDownSelect" duration-ms="4162" started-at="2023-04-16T20:48:51Z" finished-at="2023-04-16T20:48:55Z">
          <reporter-output>
          </reporter-output>
        </test-method> <!-- dropDownSelect -->
        <test-method status="PASS" signature="tearDown()[pri:0, instance:com.codenbox.MavenProject.NavigationBarTest@735b478]" name="tearDown" is-config="true" duration-ms="222" started-at="2023-04-16T20:49:11Z" finished-at="2023-04-16T20:49:11Z">
          <reporter-output>
          </reporter-output>
        </test-method> <!-- tearDown -->
      </class> <!-- com.codenbox.MavenProject.NavigationBarTest -->
      <class name="com.codenbox.MavenProject.LoginPageTest">
        <test-method status="PASS" signature="initialize()[pri:0, instance:com.codenbox.MavenProject.LoginPageTest@52af6cff]" name="initialize" is-config="true" duration-ms="8676" started-at="2023-04-16T20:48:21Z" finished-at="2023-04-16T20:48:30Z">
          <reporter-output>
          </reporter-output>
        </test-method> <!-- initialize -->
        <test-method status="PASS" signature="initialize()[pri:0, instance:com.codenbox.MavenProject.NavigationBarTest@735b478]" name="initialize" is-config="true" duration-ms="11307" started-at="2023-04-16T20:48:30Z" finished-at="2023-04-16T20:48:41Z">
          <reporter-output>
          </reporter-output>
        </test-method> <!-- initialize -->
        <test-method status="PASS" signature="basePageNavigation(java.lang.String, java.lang.String)[pri:0, instance:com.codenbox.MavenProject.LoginPageTest@52af6cff]" name="basePageNavigation" duration-ms="9472" started-at="2023-04-16T20:48:41Z" data-provider="getData" finished-at="2023-04-16T20:48:51Z">
          <params>
            <param index="0">
              <value>
                <![CDATA[test@test.com]]>
              </value>
            </param>
            <param index="1">
              <value>
                <![CDATA[123456]]>
              </value>
            </param>
          </params>
          <reporter-output>
          </reporter-output>
        </test-method> <!-- basePageNavigation -->
        <test-method status="PASS" signature="tearDown()[pri:0, instance:com.codenbox.MavenProject.LoginPageTest@52af6cff]" name="tearDown" is-config="true" duration-ms="101" started-at="2023-04-16T20:48:51Z" finished-at="2023-04-16T20:48:51Z">
          <reporter-output>
          </reporter-output>
        </test-method> <!-- tearDown -->
      </class> <!-- com.codenbox.MavenProject.LoginPageTest -->
      <class name="com.codenbox.MavenProject.ValidTitleTest">
        <test-method status="PASS" signature="basePageTitle()[pri:0, instance:com.codenbox.MavenProject.ValidTitleTest@2c9f9fb0]" name="basePageTitle" duration-ms="15619" started-at="2023-04-16T20:48:55Z" finished-at="2023-04-16T20:49:11Z">
          <reporter-output>
          </reporter-output>
        </test-method> <!-- basePageTitle -->
        <test-method status="PASS" signature="tearDown()[pri:0, instance:com.codenbox.MavenProject.ValidTitleTest@2c9f9fb0]" name="tearDown" is-config="true" duration-ms="105" started-at="2023-04-16T20:49:11Z" finished-at="2023-04-16T20:49:11Z">
          <reporter-output>
          </reporter-output>
        </test-method> <!-- tearDown -->
      </class> <!-- com.codenbox.MavenProject.ValidTitleTest -->
    </test> <!-- Command line test -->
  </suite> <!-- Command line suite -->
</testng-results>
