<?xml version="1.0" encoding="UTF-8"?>
<testng-results skipped="0" failed="0" ignored="0" total="4" passed="4">
  <reporter-output>
  </reporter-output>
  <suite name="Suite" duration-ms="56078" started-at="2020-04-05T01:31:22Z" finished-at="2020-04-05T01:32:18Z">
    <groups>
    </groups>
    <test name="Test" duration-ms="15490" started-at="2020-04-05T01:31:22Z" finished-at="2020-04-05T01:31:37Z">
      <class name="com.codenbox.MavenProject.ValidTitleTest">
        <test-method status="PASS" signature="basePageTitle()[pri:0, instance:com.codenbox.MavenProject.ValidTitleTest@1b68b9a4]" name="basePageTitle" duration-ms="15156" started-at="2020-04-05T01:31:22Z" finished-at="2020-04-05T01:31:37Z">
          <reporter-output>
          </reporter-output>
        </test-method> <!-- basePageTitle -->
        <test-method status="PASS" signature="tearDown()[pri:0, instance:com.codenbox.MavenProject.ValidTitleTest@1b68b9a4]" name="tearDown" is-config="true" duration-ms="297" started-at="2020-04-05T01:31:37Z" finished-at="2020-04-05T01:31:37Z">
          <reporter-output>
          </reporter-output>
        </test-method> <!-- tearDown -->
      </class> <!-- com.codenbox.MavenProject.ValidTitleTest -->
    </test> <!-- Test -->
    <test name="Validating NavigationBar" duration-ms="17792" started-at="2020-04-05T01:31:37Z" finished-at="2020-04-05T01:31:55Z">
      <class name="com.codenbox.MavenProject.NavigationBarTest">
        <test-method status="PASS" signature="initialize()[pri:0, instance:com.codenbox.MavenProject.NavigationBarTest@667a738]" name="initialize" is-config="true" duration-ms="13444" started-at="2020-04-05T01:31:37Z" finished-at="2020-04-05T01:31:51Z">
          <reporter-output>
          </reporter-output>
        </test-method> <!-- initialize -->
        <test-method status="PASS" signature="basePageNavigationBar()[pri:0, instance:com.codenbox.MavenProject.NavigationBarTest@667a738]" name="basePageNavigationBar" duration-ms="88" started-at="2020-04-05T01:31:51Z" finished-at="2020-04-05T01:31:51Z">
          <reporter-output>
          </reporter-output>
        </test-method> <!-- basePageNavigationBar -->
        <test-method status="PASS" signature="dropDownSelect()[pri:0, instance:com.codenbox.MavenProject.NavigationBarTest@667a738]" name="dropDownSelect" duration-ms="4170" started-at="2020-04-05T01:31:51Z" finished-at="2020-04-05T01:31:55Z">
          <reporter-output>
          </reporter-output>
        </test-method> <!-- dropDownSelect -->
        <test-method status="PASS" signature="tearDown()[pri:0, instance:com.codenbox.MavenProject.NavigationBarTest@667a738]" name="tearDown" is-config="true" duration-ms="87" started-at="2020-04-05T01:31:55Z" finished-at="2020-04-05T01:31:55Z">
          <reporter-output>
          </reporter-output>
        </test-method> <!-- tearDown -->
      </class> <!-- com.codenbox.MavenProject.NavigationBarTest -->
    </test> <!-- Validating NavigationBar -->
    <test name="Validating login" duration-ms="22755" started-at="2020-04-05T01:31:55Z" finished-at="2020-04-05T01:32:18Z">
      <class name="com.codenbox.MavenProject.LoginPageTest">
        <test-method status="PASS" signature="initialize()[pri:0, instance:com.codenbox.MavenProject.LoginPageTest@75f9eccc]" name="initialize" is-config="true" duration-ms="14598" started-at="2020-04-05T01:31:55Z" finished-at="2020-04-05T01:32:10Z">
          <reporter-output>
          </reporter-output>
        </test-method> <!-- initialize -->
        <test-method status="PASS" signature="basePageNavigation(java.lang.String, java.lang.String)[pri:0, instance:com.codenbox.MavenProject.LoginPageTest@75f9eccc]" name="basePageNavigation" duration-ms="8032" started-at="2020-04-05T01:32:10Z" data-provider="getData" finished-at="2020-04-05T01:32:18Z">
          <params>
            <param index="0">
              <value>
                <![CDATA[test@test.com]]>
              </value>
            </param>
            <param index="1">
              <value>
                <![CDATA[123456]]>
              </value>
            </param>
          </params>
          <reporter-output>
          </reporter-output>
        </test-method> <!-- basePageNavigation -->
        <test-method status="PASS" signature="tearDown()[pri:0, instance:com.codenbox.MavenProject.LoginPageTest@75f9eccc]" name="tearDown" is-config="true" duration-ms="118" started-at="2020-04-05T01:32:18Z" finished-at="2020-04-05T01:32:18Z">
          <reporter-output>
          </reporter-output>
        </test-method> <!-- tearDown -->
      </class> <!-- com.codenbox.MavenProject.LoginPageTest -->
    </test> <!-- Validating login -->
  </suite> <!-- Suite -->
</testng-results>
